TN:
SF:src\lib\utils.ts
FN:6,cn
FNF:1
FNH:1
FNDA:7,cn
DA:1,1
DA:2,1
DA:3,1
DA:4,1
DA:5,1
DA:6,1
DA:7,7
DA:8,7
LF:8
LH:8
BRDA:6,0,0,7
BRF:1
BRH:1
end_of_record
TN:
SF:src\utils\api\hooks\useSubmissionMutation.ts
FN:6,useSubmissionMutation
FN:11,mutationFn
FNF:2
FNH:1
FNDA:2,useSubmissionMutation
FNDA:0,mutationFn
DA:1,1
DA:2,1
DA:3,1
DA:4,1
DA:5,1
DA:6,1
DA:7,2
DA:8,2
DA:9,2
DA:10,2
DA:11,2
DA:12,0
DA:13,0
DA:14,0
DA:15,0
DA:16,2
DA:17,2
LF:17
LH:13
BRDA:6,0,0,2
BRDA:16,1,0,0
BRF:2
BRH:1
end_of_record
TN:
SF:src\utils\api\requests\candidate-levels\index.ts
FN:7,getCandidateLevels
FNF:1
FNH:1
FNDA:3,getCandidateLevels
DA:1,1
DA:2,1
DA:3,1
DA:4,1
DA:5,1
DA:6,1
DA:7,1
DA:8,3
LF:8
LH:8
BRDA:7,0,0,3
BRF:1
BRH:1
end_of_record
TN:
SF:src\utils\api\requests\submission-form\index.ts
FN:17,submissionForm
FNF:1
FNH:1
FNDA:3,submissionForm
DA:1,1
DA:2,1
DA:3,1
DA:4,1
DA:5,1
DA:6,1
DA:7,1
DA:8,1
DA:9,1
DA:10,1
DA:11,1
DA:12,1
DA:13,1
DA:14,1
DA:15,1
DA:16,1
DA:17,1
DA:18,3
DA:19,3
DA:20,3
DA:21,3
LF:21
LH:21
BRDA:17,0,0,3
BRF:1
BRH:1
end_of_record
TN:
SF:test\setup\mocks\handlers.ts
FNF:0
FNH:0
DA:1,1
DA:2,1
DA:3,1
DA:4,1
DA:5,0
DA:6,0
DA:7,0
DA:8,0
DA:9,0
DA:10,1
LF:10
LH:5
BRF:0
BRH:0
end_of_record
TN:
SF:test\setup\mocks\server.ts
FNF:0
FNH:0
DA:1,1
DA:2,1
DA:3,1
DA:4,1
LF:4
LH:4
BRF:0
BRH:0
end_of_record
